<?xml version="1.0" encoding="UTF-8"?>
<!-- Generated by org.testng.reporters.JUnitXMLReporter -->
<testsuite ignored="0" hostname="localhosts" failures="1" tests="1" name="Test" time="19.405" errors="0" timestamp="2024-07-03T21:05:00 IST">
  <testcase classname="Campaign.CreatecampaignTest" name="CreatecampaignTest" time="8.354">
    <failure type="java.lang.AssertionError" message="expected [true] but found [false]">
      <![CDATA[java.lang.AssertionError: expected [true] but found [false]
at Campaign.CreatecampaignTest.CreatecampaignTest(CreatecampaignTest.java:42)
at java.base/java.util.ArrayList.forEach(ArrayList.java:1511)
... Removed 33 stack frames]]>
    </failure>
  </testcase> <!-- CreatecampaignTest -->
</testsuite> <!-- Test -->
